#
# There is insufficient memory for the Java Runtime Environment to continue.
# Native memory allocation (mmap) failed to map 15728640 bytes. Error detail: G1 virtual space
# Possible reasons:
#   The system is out of physical RAM or swap space
#   This process is running with CompressedOops enabled, and the Java Heap may be blocking the growth of the native heap
# Possible solutions:
#   Reduce memory load on the system
#   Increase physical memory or swap space
#   Check if swap backing store is full
#   Decrease Java heap size (-Xmx/-Xms)
#   Decrease number of Java threads
#   Decrease Java thread stack sizes (-Xss)
#   Set larger code cache with -XX:ReservedCodeCacheSize=
#   JVM is running with Unscaled Compressed Oops mode in which the Java heap is
#     placed in the first 4GB address space. The Java Heap base address is the
#     maximum limit for the native heap growth. Please use -XX:HeapBaseMinAddress
#     to set the Java Heap base and to place the Java Heap above 4GB virtual address.
# This output file may be truncated or incomplete.
#
#  Out of Memory Error (os_windows.cpp:3714), pid=21044, tid=6188
#
# JRE version: OpenJDK Runtime Environment Temurin-21.0.10+7 (21.0.10+7) (build 21.0.10+7-LTS)
# Java VM: OpenJDK 64-Bit Server VM Temurin-21.0.10+7 (21.0.10+7-LTS, mixed mode, sharing, tiered, compressed oops, compressed class ptrs, g1 gc, windows-amd64)
# No core dump will be written. Minidumps are not enabled by default on client versions of Windows
#

---------------  S U M M A R Y ------------

Command Line: --add-opens=java.base/java.lang=ALL-UNNAMED --add-opens=java.base/java.lang.invoke=ALL-UNNAMED --add-opens=java.base/java.util=ALL-UNNAMED --add-opens=java.prefs/java.util.prefs=ALL-UNNAMED --add-exports=jdk.compiler/com.sun.tools.javac.api=ALL-UNNAMED --add-exports=jdk.compiler/com.sun.tools.javac.util=ALL-UNNAMED --add-opens=java.base/java.util=ALL-UNNAMED --add-opens=java.prefs/java.util.prefs=ALL-UNNAMED --add-opens=java.base/java.nio.charset=ALL-UNNAMED --add-opens=java.base/java.net=ALL-UNNAMED --add-opens=java.base/java.util.concurrent.atomic=ALL-UNNAMED --add-opens=java.xml/javax.xml.namespace=ALL-UNNAMED -XX:MaxMetaspaceSize=256m -XX:ReservedCodeCacheSize=128m -Xmx1G -Dfile.encoding=UTF-8 -Duser.country=GB -Duser.language=en -Duser.variant -javaagent:C:\Users\aliha\.gradle\wrapper\dists\gradle-8.14-all\c2qonpi39x1mddn7hk5gh9iqj\gradle-8.14\lib\agents\gradle-instrumentation-agent-8.14.jar org.gradle.launcher.daemon.bootstrap.GradleDaemon 8.14

Host: Intel(R) Core(TM) i7-1065G7 CPU @ 1.30GHz, 8 cores, 15G,  Windows 11 , 64 bit Build 26100 (10.0.26100.8246)
Time: Tue Apr 28 12:39:31 2026 Pakistan Standard Time elapsed time: 14.820942 seconds (0d 0h 0m 14s)

---------------  T H R E A D  ---------------

Current thread (0x000002303fdaa4d0):  VMThread "VM Thread"          [id=6188, stack(0x0000005a19500000,0x0000005a19600000) (1024K)]

Stack: [0x0000005a19500000,0x0000005a19600000]
Native frames: (J=compiled Java code, j=interpreted, Vv=VM code, C=native code)
V  [jvm.dll+0x6d7a39]
V  [jvm.dll+0x8b4b26]
V  [jvm.dll+0x8b70de]
V  [jvm.dll+0x8b77c3]
V  [jvm.dll+0x284346]
V  [jvm.dll+0x6d4355]
V  [jvm.dll+0x6c808a]
V  [jvm.dll+0x35edb8]
V  [jvm.dll+0x3669f6]
V  [jvm.dll+0x3b7afe]
V  [jvm.dll+0x3b7da8]
V  [jvm.dll+0x332fbc]
V  [jvm.dll+0x3357d6]
V  [jvm.dll+0x33f7cd]
V  [jvm.dll+0x374e8f]
V  [jvm.dll+0x8bd4b0]
V  [jvm.dll+0x8be824]
V  [jvm.dll+0x8bed50]
V  [jvm.dll+0x8beff3]
V  [jvm.dll+0x85f59d]
V  [jvm.dll+0x6d626d]
C  [ucrtbase.dll+0x37b0]
C  [KERNEL32.DLL+0x2e8d7]
C  [ntdll.dll+0x8c3fc]

VM_Operation (0x0000005a190ff6d0): G1PauseRemark, mode: safepoint, requested by thread 0x0000023030b60820


---------------  P R O C E S S  ---------------

Threads class SMR info:
_java_thread_list=0x000002305534e570, length=47, elements={
0x0000023030b1dc40, 0x0000023052009650, 0x000002305200cde0, 0x0000023052010900,
0x00000230520145b0, 0x00000230520126d0, 0x0000023052014c20, 0x0000023052016520,
0x0000023052026190, 0x00000230522eac10, 0x000002305227deb0, 0x0000023053bf8d60,
0x0000023053bbb980, 0x0000023053b16590, 0x0000023053c88220, 0x0000023053a62150,
0x0000023053c5d740, 0x0000023053cc1960, 0x0000023053ccd1f0, 0x0000023053cc7370,
0x0000023053cc4c10, 0x0000023053cc5930, 0x0000023053cc4580, 0x0000023053cc6ce0,
0x0000023053cc3ef0, 0x0000023053cc52a0, 0x0000023053cc5fc0, 0x00000230575f19d0,
0x00000230575f0620, 0x00000230575f2060, 0x00000230575f0cb0, 0x00000230575f26f0,
0x00000230575f2d80, 0x00000230575f3410, 0x00000230575eff90, 0x000002305682e420,
0x000002305682c9e0, 0x000002305682d070, 0x000002305682dd90, 0x000002305682bcc0,
0x000002305682f7d0, 0x0000023056830b80, 0x00000230568318a0, 0x00000230568325c0,
0x00000230541573c0, 0x0000023056831210, 0x0000023056832c50
}

Java Threads: ( => current thread )
  0x0000023030b1dc40 JavaThread "main"                              [_thread_blocked, id=25528, stack(0x0000005a18e00000,0x0000005a18f00000) (1024K)]
  0x0000023052009650 JavaThread "Reference Handler"          daemon [_thread_blocked, id=2116, stack(0x0000005a19600000,0x0000005a19700000) (1024K)]
  0x000002305200cde0 JavaThread "Finalizer"                  daemon [_thread_blocked, id=7244, stack(0x0000005a19700000,0x0000005a19800000) (1024K)]
  0x0000023052010900 JavaThread "Signal Dispatcher"          daemon [_thread_blocked, id=26936, stack(0x0000005a19800000,0x0000005a19900000) (1024K)]
  0x00000230520145b0 JavaThread "Attach Listener"            daemon [_thread_blocked, id=21900, stack(0x0000005a19900000,0x0000005a19a00000) (1024K)]
  0x00000230520126d0 JavaThread "Service Thread"             daemon [_thread_blocked, id=10248, stack(0x0000005a19a00000,0x0000005a19b00000) (1024K)]
  0x0000023052014c20 JavaThread "Monitor Deflation Thread"   daemon [_thread_blocked, id=25900, stack(0x0000005a19b00000,0x0000005a19c00000) (1024K)]
  0x0000023052016520 JavaThread "C2 CompilerThread0"         daemon [_thread_blocked, id=17840, stack(0x0000005a19c00000,0x0000005a19d00000) (1024K)]
  0x0000023052026190 JavaThread "C1 CompilerThread0"         daemon [_thread_blocked, id=23132, stack(0x0000005a19d00000,0x0000005a19e00000) (1024K)]
  0x00000230522eac10 JavaThread "Common-Cleaner"             daemon [_thread_blocked, id=19412, stack(0x0000005a19e00000,0x0000005a19f00000) (1024K)]
  0x000002305227deb0 JavaThread "Notification Thread"        daemon [_thread_blocked, id=21180, stack(0x0000005a19f00000,0x0000005a1a000000) (1024K)]
  0x0000023053bf8d60 JavaThread "Daemon health stats"               [_thread_blocked, id=26608, stack(0x0000005a1a700000,0x0000005a1a800000) (1024K)]
  0x0000023053bbb980 JavaThread "Incoming local TCP Connector on port 55091"        [_thread_in_native, id=16468, stack(0x0000005a1a800000,0x0000005a1a900000) (1024K)]
  0x0000023053b16590 JavaThread "Daemon periodic checks"            [_thread_blocked, id=4732, stack(0x0000005a1a900000,0x0000005a1aa00000) (1024K)]
  0x0000023053c88220 JavaThread "Daemon"                            [_thread_blocked, id=27436, stack(0x0000005a1aa00000,0x0000005a1ab00000) (1024K)]
  0x0000023053a62150 JavaThread "Handler for socket connection from /127.0.0.1:55091 to /127.0.0.1:55092"        [_thread_in_native, id=13380, stack(0x0000005a1ab00000,0x0000005a1ac00000) (1024K)]
  0x0000023053c5d740 JavaThread "Cancel handler"                    [_thread_blocked, id=5428, stack(0x0000005a1ac00000,0x0000005a1ad00000) (1024K)]
  0x0000023053cc1960 JavaThread "Daemon worker"                     [_thread_blocked, id=28416, stack(0x0000005a1ad00000,0x0000005a1ae00000) (1024K)]
  0x0000023053ccd1f0 JavaThread "Asynchronous log dispatcher for DefaultDaemonConnection: socket connection from /127.0.0.1:55091 to /127.0.0.1:55092"        [_thread_blocked, id=22264, stack(0x0000005a1ae00000,0x0000005a1af00000) (1024K)]
  0x0000023053cc7370 JavaThread "Stdin handler"                     [_thread_blocked, id=16124, stack(0x0000005a1af00000,0x0000005a1b000000) (1024K)]
  0x0000023053cc4c10 JavaThread "Daemon client event forwarder"        [_thread_blocked, id=27704, stack(0x0000005a1b000000,0x0000005a1b100000) (1024K)]
  0x0000023053cc5930 JavaThread "Cache worker for journal cache (C:\Users\aliha\.gradle\caches\journal-1)"        [_thread_blocked, id=16008, stack(0x0000005a1b100000,0x0000005a1b200000) (1024K)]
  0x0000023053cc4580 JavaThread "File lock request listener"        [_thread_in_native, id=11516, stack(0x0000005a1b200000,0x0000005a1b300000) (1024K)]
  0x0000023053cc6ce0 JavaThread "Cache worker for file hash cache (C:\Users\aliha\.gradle\caches\8.14\fileHashes)"        [_thread_blocked, id=17224, stack(0x0000005a1b300000,0x0000005a1b400000) (1024K)]
  0x0000023053cc3ef0 JavaThread "Cache worker for file hash cache (D:\CWS-main\Frontend\android\.gradle\8.14\fileHashes)"        [_thread_blocked, id=2136, stack(0x0000005a1b700000,0x0000005a1b800000) (1024K)]
  0x0000023053cc52a0 JavaThread "Cache worker for Build Output Cleanup Cache (D:\CWS-main\Frontend\android\.gradle\buildOutputCleanup)"        [_thread_blocked, id=17692, stack(0x0000005a1b800000,0x0000005a1b900000) (1024K)]
  0x0000023053cc5fc0 JavaThread "File watcher server"        daemon [_thread_in_native, id=29496, stack(0x0000005a1b900000,0x0000005a1ba00000) (1024K)]
  0x00000230575f19d0 JavaThread "File watcher consumer"      daemon [_thread_blocked, id=13724, stack(0x0000005a1ba00000,0x0000005a1bb00000) (1024K)]
  0x00000230575f0620 JavaThread "jar transforms"                    [_thread_blocked, id=26164, stack(0x0000005a1bb00000,0x0000005a1bc00000) (1024K)]
  0x00000230575f2060 JavaThread "jar transforms Thread 2"           [_thread_blocked, id=17304, stack(0x0000005a1bc00000,0x0000005a1bd00000) (1024K)]
  0x00000230575f0cb0 JavaThread "jar transforms Thread 3"           [_thread_blocked, id=7248, stack(0x0000005a1bd00000,0x0000005a1be00000) (1024K)]
  0x00000230575f26f0 JavaThread "jar transforms Thread 4"           [_thread_blocked, id=11996, stack(0x0000005a1b400000,0x0000005a1b500000) (1024K)]
  0x00000230575f2d80 JavaThread "jar transforms Thread 5"           [_thread_blocked, id=16492, stack(0x0000005a1be00000,0x0000005a1bf00000) (1024K)]
  0x00000230575f3410 JavaThread "Cache worker for checksums cache (D:\CWS-main\Frontend\android\.gradle\8.14\checksums)"        [_thread_blocked, id=21464, stack(0x0000005a1c000000,0x0000005a1c100000) (1024K)]
  0x00000230575eff90 JavaThread "Cache worker for file content cache (C:\Users\aliha\.gradle\caches\8.14\fileContent)"        [_thread_blocked, id=29124, stack(0x0000005a1c100000,0x0000005a1c200000) (1024K)]
  0x000002305682e420 JavaThread "jar transforms Thread 6"           [_thread_blocked, id=13112, stack(0x0000005a1c200000,0x0000005a1c300000) (1024K)]
  0x000002305682c9e0 JavaThread "jar transforms Thread 7"           [_thread_blocked, id=29148, stack(0x0000005a1c300000,0x0000005a1c400000) (1024K)]
  0x000002305682d070 JavaThread "jar transforms Thread 8"           [_thread_blocked, id=13396, stack(0x0000005a1c400000,0x0000005a1c500000) (1024K)]
  0x000002305682dd90 JavaThread "Cache worker for cache directory md-supplier (C:\Users\aliha\.gradle\caches\8.14\md-supplier)"        [_thread_blocked, id=22188, stack(0x0000005a1bf00000,0x0000005a1c000000) (1024K)]
  0x000002305682bcc0 JavaThread "Cache worker for cache directory md-rule (C:\Users\aliha\.gradle\caches\8.14\md-rule)"        [_thread_blocked, id=28120, stack(0x0000005a1c500000,0x0000005a1c600000) (1024K)]
  0x000002305682f7d0 JavaThread "Cache worker for Build Output Cleanup Cache (C:\flutter_windows_3.24.2-stable\flutter\packages\flutter_tools\gradle\.gradle\buildOutputCleanup)"        [_thread_blocked, id=6084, stack(0x0000005a1c700000,0x0000005a1c800000) (1024K)]
  0x0000023056830b80 JavaThread "Unconstrained build operations"        [_thread_blocked, id=9552, stack(0x0000005a1a000000,0x0000005a1a100000) (1024K)]
  0x00000230568318a0 JavaThread "Unconstrained build operations Thread 2"        [_thread_blocked, id=19992, stack(0x0000005a1c600000,0x0000005a1c700000) (1024K)]
  0x00000230568325c0 JavaThread "Unconstrained build operations Thread 3"        [_thread_blocked, id=18284, stack(0x0000005a1c800000,0x0000005a1c900000) (1024K)]
  0x00000230541573c0 JavaThread "C2 CompilerThread1"         daemon [_thread_blocked, id=3252, stack(0x0000005a1c900000,0x0000005a1ca00000) (1024K)]
  0x0000023056831210 JavaThread "Memory manager"                    [_thread_blocked, id=15096, stack(0x0000005a1ca00000,0x0000005a1cb00000) (1024K)]
  0x0000023056832c50 JavaThread "build event listener"              [_thread_blocked, id=17640, stack(0x0000005a1cb00000,0x0000005a1cc00000) (1024K)]
Total: 47

Other Threads:
=>0x000002303fdaa4d0 VMThread "VM Thread"                           [id=6188, stack(0x0000005a19500000,0x0000005a19600000) (1024K)]
  0x000002303fd99630 WatcherThread "VM Periodic Task Thread"        [id=10700, stack(0x0000005a19400000,0x0000005a19500000) (1024K)]
  0x0000023030b56aa0 WorkerThread "GC Thread#0"                     [id=15548, stack(0x0000005a18f00000,0x0000005a19000000) (1024K)]
  0x00000230526f0810 WorkerThread "GC Thread#1"                     [id=13076, stack(0x0000005a1a200000,0x0000005a1a300000) (1024K)]
  0x00000230526f0bc0 WorkerThread "GC Thread#2"                     [id=18152, stack(0x0000005a1a300000,0x0000005a1a400000) (1024K)]
  0x000002305269d830 WorkerThread "GC Thread#3"                     [id=16636, stack(0x0000005a1a400000,0x0000005a1a500000) (1024K)]
  0x000002305269dbe0 WorkerThread "GC Thread#4"                     [id=19096, stack(0x0000005a1a500000,0x0000005a1a600000) (1024K)]
  0x000002305269df90 WorkerThread "GC Thread#5"                     [id=29456, stack(0x0000005a1a600000,0x0000005a1a700000) (1024K)]
  0x00000230531592b0 WorkerThread "GC Thread#6"                     [id=25236, stack(0x0000005a1a100000,0x0000005a1a200000) (1024K)]
  0x000002305798d440 WorkerThread "GC Thread#7"                     [id=21244, stack(0x0000005a1b500000,0x0000005a1b600000) (1024K)]
  0x0000023030b60820 ConcurrentGCThread "G1 Main Marker"            [id=28436, stack(0x0000005a19000000,0x0000005a19100000) (1024K)]
  0x0000023030b630a0 WorkerThread "G1 Conc#0"                       [id=1860, stack(0x0000005a19100000,0x0000005a19200000) (1024K)]
  0x000002305798e6b0 WorkerThread "G1 Conc#1"                       [id=21360, stack(0x0000005a1b600000,0x0000005a1b700000) (1024K)]
  0x0000023030bdeb40 ConcurrentGCThread "G1 Refine#0"               [id=22664, stack(0x0000005a19200000,0x0000005a19300000) (1024K)]
  0x000002303fc69b10 ConcurrentGCThread "G1 Service"                [id=23944, stack(0x0000005a19300000,0x0000005a19400000) (1024K)]
Total: 15

Threads with active compile tasks:
C2 CompilerThread0  14840 7959       4       java.io.ObjectOutputStream::writeTypeString (40 bytes)
Total: 1

VM state: at safepoint (normal execution)

VM Mutex/Monitor currently owned by a thread:  ([mutex/lock_event])
[0x00007ffaf408e560] Threads_lock - owner thread: 0x000002303fdaa4d0
[0x00007ffaf408e660] Heap_lock - owner thread: 0x0000023030b60820

Heap address: 0x00000000c0000000, size: 1024 MB, Compressed Oops mode: 32-bit

CDS archive(s) mapped at: [0x0000023040000000-0x0000023040ba0000-0x0000023040ba0000), size 12189696, SharedBaseAddress: 0x0000023040000000, ArchiveRelocationMode: 1.
Compressed class space mapped at: 0x0000023041000000-0x000002304e000000, reserved size: 218103808
Narrow klass base: 0x0000023040000000, Narrow klass shift: 0, Narrow klass range: 0x100000000

GC Precious Log:
 CardTable entry size: 512
 Card Set container configuration: InlinePtr #cards 5 size 8 Array Of Cards #cards 12 size 40 Howl #buckets 4 coarsen threshold 1843 Howl Bitmap #cards 512 size 80 coarsen threshold 460 Card regions per heap region 1 cards per card region 2048
 CPUs: 8 total, 8 available
 Memory: 16122M
 Large Page Support: Disabled
 NUMA Support: Disabled
 Compressed Oops: Enabled (32-bit)
 Heap Region Size: 1M
 Heap Min Capacity: 8M
 Heap Initial Capacity: 252M
 Heap Max Capacity: 1G
 Pre-touch: Disabled
 Parallel Workers: 8
 Concurrent Workers: 2
 Concurrent Refinement Workers: 8
 Periodic GC: Disabled

Heap:
 garbage-first heap   total 91136K, used 65004K [0x00000000c0000000, 0x0000000100000000)
  region size 1024K, 5 young (5120K), 2 survivors (2048K)
 Metaspace       used 64565K, committed 66624K, reserved 278528K
  class space    used 9380K, committed 10432K, reserved 212992K

Heap Regions: E=young(eden), S=young(survivor), O=old, HS=humongous(starts), HC=humongous(continues), CS=collection set, F=free, TAMS=top-at-mark-start, PB=parsable bottom
|   0|0x00000000c0000000, 0x00000000c0100000, 0x00000000c0100000|100%|HS|  |TAMS 0x00000000c0100000| PB 0x00000000c0000000| Complete 
|   1|0x00000000c0100000, 0x00000000c0200000, 0x00000000c0200000|100%|HC|  |TAMS 0x00000000c0200000| PB 0x00000000c0100000| Complete 
|   2|0x00000000c0200000, 0x00000000c0300000, 0x00000000c0300000|100%|HC|  |TAMS 0x00000000c0300000| PB 0x00000000c0200000| Complete 
|   3|0x00000000c0300000, 0x00000000c0400000, 0x00000000c0400000|100%| O|  |TAMS 0x00000000c0400000| PB 0x00000000c0400000| Untracked 
|   4|0x00000000c0400000, 0x00000000c0500000, 0x00000000c0500000|100%| O|  |TAMS 0x00000000c0500000| PB 0x00000000c0500000| Untracked 
|   5|0x00000000c0500000, 0x00000000c0600000, 0x00000000c0600000|100%| O|  |TAMS 0x00000000c0600000| PB 0x00000000c0600000| Untracked 
|   6|0x00000000c0600000, 0x00000000c0700000, 0x00000000c0700000|100%|HS|  |TAMS 0x00000000c0700000| PB 0x00000000c0600000| Complete 
|   7|0x00000000c0700000, 0x00000000c0800000, 0x00000000c0800000|100%| O|  |TAMS 0x00000000c0800000| PB 0x00000000c0800000| Untracked 
|   8|0x00000000c0800000, 0x00000000c0900000, 0x00000000c0900000|100%| O|  |TAMS 0x00000000c0900000| PB 0x00000000c0900000| Untracked 
|   9|0x00000000c0900000, 0x00000000c0a00000, 0x00000000c0a00000|100%| O|  |TAMS 0x00000000c0a00000| PB 0x00000000c0a00000| Untracked 
|  10|0x00000000c0a00000, 0x00000000c0b00000, 0x00000000c0b00000|100%| O|  |TAMS 0x00000000c0b00000| PB 0x00000000c0b00000| Untracked 
|  11|0x00000000c0b00000, 0x00000000c0c00000, 0x00000000c0c00000|100%| O|  |TAMS 0x00000000c0c00000| PB 0x00000000c0c00000| Untracked 
|  12|0x00000000c0c00000, 0x00000000c0d00000, 0x00000000c0d00000|100%| O|  |TAMS 0x00000000c0d00000| PB 0x00000000c0d00000| Updating 
|  13|0x00000000c0d00000, 0x00000000c0e00000, 0x00000000c0e00000|100%| O|  |TAMS 0x00000000c0e00000| PB 0x00000000c0e00000| Untracked 
|  14|0x00000000c0e00000, 0x00000000c0f00000, 0x00000000c0f00000|100%| O|  |TAMS 0x00000000c0f00000| PB 0x00000000c0f00000| Untracked 
|  15|0x00000000c0f00000, 0x00000000c1000000, 0x00000000c1000000|100%| O|  |TAMS 0x00000000c1000000| PB 0x00000000c1000000| Untracked 
|  16|0x00000000c1000000, 0x00000000c1100000, 0x00000000c1100000|100%| O|  |TAMS 0x00000000c1100000| PB 0x00000000c1100000| Untracked 
|  17|0x00000000c1100000, 0x00000000c1200000, 0x00000000c1200000|100%| O|  |TAMS 0x00000000c1200000| PB 0x00000000c1200000| Untracked 
|  18|0x00000000c1200000, 0x00000000c1300000, 0x00000000c1300000|100%| O|  |TAMS 0x00000000c1300000| PB 0x00000000c1300000| Untracked 
|  19|0x00000000c1300000, 0x00000000c1400000, 0x00000000c1400000|100%| O|  |TAMS 0x00000000c1400000| PB 0x00000000c1400000| Untracked 
|  20|0x00000000c1400000, 0x00000000c1500000, 0x00000000c1500000|100%| O|  |TAMS 0x00000000c1500000| PB 0x00000000c1500000| Untracked 
|  21|0x00000000c1500000, 0x00000000c1600000, 0x00000000c1600000|100%| O|  |TAMS 0x00000000c1600000| PB 0x00000000c1600000| Untracked 
|  22|0x00000000c1600000, 0x00000000c1700000, 0x00000000c1700000|100%| O|  |TAMS 0x00000000c1700000| PB 0x00000000c1700000| Updating 
|  23|0x00000000c1700000, 0x00000000c1800000, 0x00000000c1800000|100%| O|  |TAMS 0x00000000c1800000| PB 0x00000000c1800000| Updating 
|  24|0x00000000c1800000, 0x00000000c1900000, 0x00000000c1900000|100%| O|  |TAMS 0x00000000c1900000| PB 0x00000000c1900000| Untracked 
|  25|0x00000000c1900000, 0x00000000c1a00000, 0x00000000c1a00000|100%| O|  |TAMS 0x00000000c1a00000| PB 0x00000000c1a00000| Untracked 
|  26|0x00000000c1a00000, 0x00000000c1a00000, 0x00000000c1b00000|  0%| F|  |TAMS 0x00000000c1a00000| PB 0x00000000c1a00000| Untracked 
|  27|0x00000000c1b00000, 0x00000000c1c00000, 0x00000000c1c00000|100%| O|  |TAMS 0x00000000c1c00000| PB 0x00000000c1c00000| Untracked 
|  28|0x00000000c1c00000, 0x00000000c1d00000, 0x00000000c1d00000|100%| O|  |TAMS 0x00000000c1d00000| PB 0x00000000c1d00000| Untracked 
|  29|0x00000000c1d00000, 0x00000000c1e00000, 0x00000000c1e00000|100%| O|  |TAMS 0x00000000c1e00000| PB 0x00000000c1e00000| Untracked 
|  30|0x00000000c1e00000, 0x00000000c1f00000, 0x00000000c1f00000|100%| O|  |TAMS 0x00000000c1f00000| PB 0x00000000c1f00000| Updating 
|  31|0x00000000c1f00000, 0x00000000c2000000, 0x00000000c2000000|100%| O|  |TAMS 0x00000000c2000000| PB 0x00000000c2000000| Untracked 
|  32|0x00000000c2000000, 0x00000000c2100000, 0x00000000c2100000|100%| O|  |TAMS 0x00000000c2100000| PB 0x00000000c2100000| Updating 
|  33|0x00000000c2100000, 0x00000000c2200000, 0x00000000c2200000|100%| O|  |TAMS 0x00000000c2200000| PB 0x00000000c2200000| Untracked 
|  34|0x00000000c2200000, 0x00000000c2300000, 0x00000000c2300000|100%| O|  |TAMS 0x00000000c2300000| PB 0x00000000c2300000| Untracked 
|  35|0x00000000c2300000, 0x00000000c2400000, 0x00000000c2400000|100%| O|  |TAMS 0x00000000c2400000| PB 0x00000000c2400000| Updating 
|  36|0x00000000c2400000, 0x00000000c2500000, 0x00000000c2500000|100%| O|  |TAMS 0x00000000c2500000| PB 0x00000000c2500000| Updating 
|  37|0x00000000c2500000, 0x00000000c2600000, 0x00000000c2600000|100%| O|  |TAMS 0x00000000c2600000| PB 0x00000000c2600000| Untracked 
|  38|0x00000000c2600000, 0x00000000c2700000, 0x00000000c2700000|100%| O|  |TAMS 0x00000000c2700000| PB 0x00000000c2700000| Untracked 
|  39|0x00000000c2700000, 0x00000000c2800000, 0x00000000c2800000|100%| O|  |TAMS 0x00000000c2800000| PB 0x00000000c2800000| Untracked 
|  40|0x00000000c2800000, 0x00000000c2900000, 0x00000000c2900000|100%| O|  |TAMS 0x00000000c2900000| PB 0x00000000c2900000| Untracked 
|  41|0x00000000c2900000, 0x00000000c2a00000, 0x00000000c2a00000|100%| O|  |TAMS 0x00000000c2a00000| PB 0x00000000c2a00000| Untracked 
|  42|0x00000000c2a00000, 0x00000000c2b00000, 0x00000000c2b00000|100%| O|  |TAMS 0x00000000c2b00000| PB 0x00000000c2b00000| Updating 
|  43|0x00000000c2b00000, 0x00000000c2c00000, 0x00000000c2c00000|100%| O|  |TAMS 0x00000000c2c00000| PB 0x00000000c2c00000| Updating 
|  44|0x00000000c2c00000, 0x00000000c2d00000, 0x00000000c2d00000|100%| O|  |TAMS 0x00000000c2d00000| PB 0x00000000c2d00000| Untracked 
|  45|0x00000000c2d00000, 0x00000000c2e00000, 0x00000000c2e00000|100%| O|  |TAMS 0x00000000c2e00000| PB 0x00000000c2e00000| Untracked 
|  46|0x00000000c2e00000, 0x00000000c2f00000, 0x00000000c2f00000|100%| O|  |TAMS 0x00000000c2f00000| PB 0x00000000c2f00000| Updating 
|  47|0x00000000c2f00000, 0x00000000c3000000, 0x00000000c3000000|100%| O|  |TAMS 0x00000000c3000000| PB 0x00000000c3000000| Untracked 
|  48|0x00000000c3000000, 0x00000000c3100000, 0x00000000c3100000|100%| O|  |TAMS 0x00000000c3100000| PB 0x00000000c3100000| Untracked 
|  49|0x00000000c3100000, 0x00000000c3200000, 0x00000000c3200000|100%| O|  |TAMS 0x00000000c3200000| PB 0x00000000c3200000| Untracked 
|  50|0x00000000c3200000, 0x00000000c3300000, 0x00000000c3300000|100%| O|  |TAMS 0x00000000c3300000| PB 0x00000000c3300000| Updating 
|  51|0x00000000c3300000, 0x00000000c3400000, 0x00000000c3400000|100%|HS|  |TAMS 0x00000000c3400000| PB 0x00000000c3300000| Complete 
|  52|0x00000000c3400000, 0x00000000c3500000, 0x00000000c3500000|100%|HC|  |TAMS 0x00000000c3500000| PB 0x00000000c3400000| Complete 
|  53|0x00000000c3500000, 0x00000000c3500000, 0x00000000c3600000|  0%| F|  |TAMS 0x00000000c3500000| PB 0x00000000c3500000| Untracked 
|  54|0x00000000c3600000, 0x00000000c3700000, 0x00000000c3700000|100%| O|  |TAMS 0x00000000c3700000| PB 0x00000000c3700000| Untracked 
|  55|0x00000000c3700000, 0x00000000c3800000, 0x00000000c3800000|100%| O|  |TAMS 0x00000000c3800000| PB 0x00000000c3800000| Untracked 
|  56|0x00000000c3800000, 0x00000000c3900000, 0x00000000c3900000|100%|HS|  |TAMS 0x00000000c3900000| PB 0x00000000c3800000| Complete 
|  57|0x00000000c3900000, 0x00000000c3a00000, 0x00000000c3a00000|100%|HC|  |TAMS 0x00000000c3a00000| PB 0x00000000c3900000| Complete 
|  58|0x00000000c3a00000, 0x00000000c3b00000, 0x00000000c3b00000|100%|HS|  |TAMS 0x00000000c3b00000| PB 0x00000000c3a00000| Complete 
|  59|0x00000000c3b00000, 0x00000000c3c00000, 0x00000000c3c00000|100%|HC|  |TAMS 0x00000000c3c00000| PB 0x00000000c3b00000| Complete 
|  60|0x00000000c3c00000, 0x00000000c3d00000, 0x00000000c3d00000|100%|HC|  |TAMS 0x00000000c3d00000| PB 0x00000000c3c00000| Complete 
|  61|0x00000000c3d00000, 0x00000000c3d00000, 0x00000000c3e00000|  0%| F|  |TAMS 0x00000000c3d00000| PB 0x00000000c3d00000| Untracked 
|  62|0x00000000c3e00000, 0x00000000c3e7b1f0, 0x00000000c3f00000| 48%| S|CS|TAMS 0x00000000c3e00000| PB 0x00000000c3e00000| Complete 
|  63|0x00000000c3f00000, 0x00000000c4000000, 0x00000000c4000000|100%| S|CS|TAMS 0x00000000c3f00000| PB 0x00000000c3f00000| Complete 
|  64|0x00000000c4000000, 0x00000000c4100000, 0x00000000c4100000|100%| O|  |TAMS 0x00000000c4100000| PB 0x00000000c4100000| Updating 
|  65|0x00000000c4100000, 0x00000000c4100000, 0x00000000c4200000|  0%| F|  |TAMS 0x00000000c4100000| PB 0x00000000c4100000| Untracked 
|  66|0x00000000c4200000, 0x00000000c4200000, 0x00000000c4300000|  0%| F|  |TAMS 0x00000000c4200000| PB 0x00000000c4200000| Untracked 
|  67|0x00000000c4300000, 0x00000000c4300000, 0x00000000c4400000|  0%| F|  |TAMS 0x00000000c4300000| PB 0x00000000c4300000| Untracked 
|  68|0x00000000c4400000, 0x00000000c4400000, 0x00000000c4500000|  0%| F|  |TAMS 0x00000000c4400000| PB 0x00000000c4400000| Untracked 
|  69|0x00000000c4500000, 0x00000000c4500000, 0x00000000c4600000|  0%| F|  |TAMS 0x00000000c4500000| PB 0x00000000c4500000| Untracked 
|  70|0x00000000c4600000, 0x00000000c4600000, 0x00000000c4700000|  0%| F|  |TAMS 0x00000000c4600000| PB 0x00000000c4600000| Untracked 
|  71|0x00000000c4700000, 0x00000000c4700000, 0x00000000c4800000|  0%| F|  |TAMS 0x00000000c4700000| PB 0x00000000c4700000| Untracked 
|  72|0x00000000c4800000, 0x00000000c4800000, 0x00000000c4900000|  0%| F|  |TAMS 0x00000000c4800000| PB 0x00000000c4800000| Untracked 
|  73|0x00000000c4900000, 0x00000000c4900000, 0x00000000c4a00000|  0%| F|  |TAMS 0x00000000c4900000| PB 0x00000000c4900000| Untracked 
|  74|0x00000000c4a00000, 0x00000000c4a00000, 0x00000000c4b00000|  0%| F|  |TAMS 0x00000000c4a00000| PB 0x00000000c4a00000| Untracked 
| 147|0x00000000c9300000, 0x00000000c9300000, 0x00000000c9400000|  0%| F|  |TAMS 0x00000000c9300000| PB 0x00000000c9300000| Untracked 
| 148|0x00000000c9400000, 0x00000000c9400000, 0x00000000c9500000|  0%| F|  |TAMS 0x00000000c9400000| PB 0x00000000c9400000| Untracked 
| 149|0x00000000c9500000, 0x00000000c9500000, 0x00000000c9600000|  0%| F|  |TAMS 0x00000000c9500000| PB 0x00000000c9500000| Untracked 
| 150|0x00000000c9600000, 0x00000000c9600000, 0x00000000c9700000|  0%| F|  |TAMS 0x00000000c9600000| PB 0x00000000c9600000| Untracked 
| 151|0x00000000c9700000, 0x00000000c9700000, 0x00000000c9800000|  0%| F|  |TAMS 0x00000000c9700000| PB 0x00000000c9700000| Untracked 
| 152|0x00000000c9800000, 0x00000000c9800000, 0x00000000c9900000|  0%| F|  |TAMS 0x00000000c9800000| PB 0x00000000c9800000| Untracked 
| 153|0x00000000c9900000, 0x00000000c9900000, 0x00000000c9a00000|  0%| F|  |TAMS 0x00000000c9900000| PB 0x00000000c9900000| Untracked 
| 154|0x00000000c9a00000, 0x00000000c9a00000, 0x00000000c9b00000|  0%| F|  |TAMS 0x00000000c9a00000| PB 0x00000000c9a00000| Untracked 
| 155|0x00000000c9b00000, 0x00000000c9b00000, 0x00000000c9c00000|  0%| F|  |TAMS 0x00000000c9b00000| PB 0x00000000c9b00000| Untracked 
| 156|0x00000000c9c00000, 0x00000000c9c00000, 0x00000000c9d00000|  0%| F|  |TAMS 0x00000000c9c00000| PB 0x00000000c9c00000| Untracked 
| 157|0x00000000c9d00000, 0x00000000c9d00000, 0x00000000c9e00000|  0%| F|  |TAMS 0x00000000c9d00000| PB 0x00000000c9d00000| Untracked 
| 158|0x00000000c9e00000, 0x00000000c9e6ec98, 0x00000000c9f00000| 43%| E|  |TAMS 0x00000000c9e00000| PB 0x00000000c9e00000| Complete 
| 251|0x00000000cfb00000, 0x00000000cfc00000, 0x00000000cfc00000|100%| E|CS|TAMS 0x00000000cfb00000| PB 0x00000000cfb00000| Complete 
|1023|0x00000000fff00000, 0x0000000100000000, 0x0000000100000000|100%| E|CS|TAMS 0x00000000fff00000| PB 0x00000000fff00000| Complete 

Card table byte_map: [0x000002303c140000,0x000002303c340000] _byte_map_base: 0x000002303bb40000

Marking Bits: (CMBitMap*) 0x0000023030b570c0
 Bits: [0x000002303c340000, 0x000002303d340000)

Polling page: 0x000002302e980000

Metaspace:

Usage:
  Non-class:     53.89 MB used.
      Class:      9.16 MB used.
       Both:     63.05 MB used.

Virtual space:
  Non-class space:       64.00 MB reserved,      54.88 MB ( 86%) committed,  1 nodes.
      Class space:      208.00 MB reserved,      10.19 MB (  5%) committed,  1 nodes.
             Both:      272.00 MB reserved,      65.06 MB ( 24%) committed. 

Chunk freelists:
   Non-Class:  8.62 MB
       Class:  5.66 MB
        Both:  14.28 MB

MaxMetaspaceSize: 256.00 MB
CompressedClassSpaceSize: 208.00 MB
Initial GC threshold: 21.00 MB
Current GC threshold: 96.88 MB
CDS: on
 - commit_granule_bytes: 65536.
 - commit_granule_words: 8192.
 - virtual_space_node_default_size: 8388608.
 - enlarge_chunks_in_place: 1.
 - use_allocation_guard: 0.


Internal statistics:

num_allocs_failed_limit: 6.
num_arena_births: 3692.
num_arena_deaths: 0.
num_vsnodes_births: 2.
num_vsnodes_deaths: 0.
num_space_committed: 1041.
num_space_uncommitted: 0.
num_chunks_returned_to_freelist: 6.
num_chunks_taken_from_freelist: 6826.
num_chunk_merges: 3.
num_chunk_splits: 4363.
num_chunks_enlarged: 2611.
num_inconsistent_stats: 0.

CodeCache: size=131072Kb used=19585Kb max_used=20253Kb free=111486Kb
 bounds [0x0000023033d20000, 0x00000230350f0000, 0x000002303bd20000]
 total_blobs=7599, nmethods=6675, adapters=828, full_count=0
Compilation: enabled, stopped_count=0, restarted_count=0

Compilation events (20 events):
Event: 14.752 Thread 0x0000023052026190 nmethod 7952 0x00000230350d7290 code [0x00000230350d7440, 0x00000230350d7588]
Event: 14.771 Thread 0x0000023052016520 nmethod 7948 0x00000230350e5a90 code [0x00000230350e5cc0, 0x00000230350e6698]
Event: 14.771 Thread 0x00000230541573c0 nmethod 7947 0x00000230350e2410 code [0x00000230350e2620, 0x00000230350e2fe8]
Event: 14.771 Thread 0x0000023052016520 7953       4       sun.reflect.annotation.AnnotationInvocationHandler::invoke (182 bytes)
Event: 14.781 Thread 0x0000023052016520 nmethod 7953 0x00000230350e1490 code [0x00000230350e16e0, 0x00000230350e1dc8]
Event: 14.785 Thread 0x0000023052026190 7954       3       sun.reflect.annotation.AnnotationParser::skipMemberValue (11 bytes)
Event: 14.786 Thread 0x0000023052026190 nmethod 7954 0x00000230350e1010 code [0x00000230350e11c0, 0x00000230350e13b8]
Event: 14.786 Thread 0x0000023052026190 7955       3       java.lang.reflect.ProxyGenerator$ProxyMethod::codeFieldInitialization (159 bytes)
Event: 14.787 Thread 0x0000023052026190 nmethod 7955 0x00000230350dfe90 code [0x00000230350e0140, 0x00000230350e0c30]
Event: 14.809 Thread 0x0000023052026190 7956       3       org.gradle.tooling.internal.provider.runner.ProjectConfigurationTracker$$Lambda/0x00000230417edc80::test (12 bytes)
Event: 14.809 Thread 0x00000230541573c0 7958       4       org.gradle.internal.serialize.AbstractEncoder$EncoderStream::write (11 bytes)
Event: 14.809 Thread 0x0000023052026190 nmethod 7956 0x00000230350df610 code [0x00000230350df7e0, 0x00000230350dfb40]
Event: 14.809 Thread 0x0000023052026190 7957       3       org.gradle.tooling.internal.provider.runner.ProjectConfigurationTracker::lambda$hasNoEnclosingRunningPluginApplicationForSamePlugin$1 (9 bytes)
Event: 14.809 Thread 0x0000023052016520 7959       4       java.io.ObjectOutputStream::writeTypeString (40 bytes)
Event: 14.809 Thread 0x0000023052026190 nmethod 7957 0x00000230350e5610 code [0x00000230350e57c0, 0x00000230350e59b0]
Event: 14.809 Thread 0x0000023052026190 7960       3       java.io.ObjectOutputStream::writeClassDesc (60 bytes)
Event: 14.810 Thread 0x0000023052026190 nmethod 7960 0x00000230350e4a10 code [0x00000230350e4c80, 0x00000230350e5348]
Event: 14.811 Thread 0x0000023052026190 7961       3       org.gradle.api.internal.artifacts.configurations.DefaultLegacyConfiguration_Decorated::getName (40 bytes)
Event: 14.811 Thread 0x0000023052026190 nmethod 7961 0x00000230350d5190 code [0x00000230350d5360, 0x00000230350d56d8]
Event: 14.811 Thread 0x00000230541573c0 nmethod 7958 0x00000230350d4b90 code [0x00000230350d4d40, 0x00000230350d4fc0]

GC Heap History (20 events):
Event: 8.813 GC heap before
{Heap before GC invocations=12 (full 0):
 garbage-first heap   total 81920K, used 71170K [0x00000000c0000000, 0x0000000100000000)
  region size 1024K, 32 young (32768K), 2 survivors (2048K)
 Metaspace       used 45631K, committed 47296K, reserved 278528K
  class space    used 6505K, committed 7360K, reserved 212992K
}
Event: 8.817 GC heap after
{Heap after GC invocations=13 (full 0):
 garbage-first heap   total 81920K, used 42016K [0x00000000c0000000, 0x0000000100000000)
  region size 1024K, 3 young (3072K), 3 survivors (3072K)
 Metaspace       used 45631K, committed 47296K, reserved 278528K
  class space    used 6505K, committed 7360K, reserved 212992K
}
Event: 9.173 GC heap before
{Heap before GC invocations=14 (full 0):
 garbage-first heap   total 81920K, used 72736K [0x00000000c0000000, 0x0000000100000000)
  region size 1024K, 33 young (33792K), 3 survivors (3072K)
 Metaspace       used 46816K, committed 48512K, reserved 278528K
  class space    used 6714K, committed 7552K, reserved 212992K
}
Event: 9.176 GC heap after
{Heap after GC invocations=15 (full 0):
 garbage-first heap   total 81920K, used 42878K [0x00000000c0000000, 0x0000000100000000)
  region size 1024K, 3 young (3072K), 3 survivors (3072K)
 Metaspace       used 46816K, committed 48512K, reserved 278528K
  class space    used 6714K, committed 7552K, reserved 212992K
}
Event: 9.805 GC heap before
{Heap before GC invocations=15 (full 0):
 garbage-first heap   total 81920K, used 73598K [0x00000000c0000000, 0x0000000100000000)
  region size 1024K, 33 young (33792K), 3 survivors (3072K)
 Metaspace       used 49112K, committed 50880K, reserved 278528K
  class space    used 7088K, committed 8000K, reserved 212992K
}
Event: 9.810 GC heap after
{Heap after GC invocations=16 (full 0):
 garbage-first heap   total 81920K, used 44910K [0x00000000c0000000, 0x0000000100000000)
  region size 1024K, 5 young (5120K), 5 survivors (5120K)
 Metaspace       used 49112K, committed 50880K, reserved 278528K
  class space    used 7088K, committed 8000K, reserved 212992K
}
Event: 10.427 GC heap before
{Heap before GC invocations=16 (full 0):
 garbage-first heap   total 81920K, used 74606K [0x00000000c0000000, 0x0000000100000000)
  region size 1024K, 34 young (34816K), 5 survivors (5120K)
 Metaspace       used 51758K, committed 53632K, reserved 278528K
  class space    used 7529K, committed 8448K, reserved 212992K
}
Event: 10.432 GC heap after
{Heap after GC invocations=17 (full 0):
 garbage-first heap   total 81920K, used 46369K [0x00000000c0000000, 0x0000000100000000)
  region size 1024K, 4 young (4096K), 4 survivors (4096K)
 Metaspace       used 51758K, committed 53632K, reserved 278528K
  class space    used 7529K, committed 8448K, reserved 212992K
}
Event: 11.578 GC heap before
{Heap before GC invocations=18 (full 0):
 garbage-first heap   total 81920K, used 74017K [0x00000000c0000000, 0x0000000100000000)
  region size 1024K, 32 young (32768K), 4 survivors (4096K)
 Metaspace       used 54153K, committed 56000K, reserved 278528K
  class space    used 7890K, committed 8768K, reserved 212992K
}
Event: 11.583 GC heap after
{Heap after GC invocations=19 (full 0):
 garbage-first heap   total 81920K, used 49070K [0x00000000c0000000, 0x0000000100000000)
  region size 1024K, 4 young (4096K), 4 survivors (4096K)
 Metaspace       used 54153K, committed 56000K, reserved 278528K
  class space    used 7890K, committed 8768K, reserved 212992K
}
Event: 13.221 GC heap before
{Heap before GC invocations=19 (full 0):
 garbage-first heap   total 81920K, used 75694K [0x00000000c0000000, 0x0000000100000000)
  region size 1024K, 30 young (30720K), 4 survivors (4096K)
 Metaspace       used 54766K, committed 56640K, reserved 278528K
  class space    used 7945K, committed 8832K, reserved 212992K
}
Event: 13.226 GC heap after
{Heap after GC invocations=20 (full 0):
 garbage-first heap   total 84992K, used 52005K [0x00000000c0000000, 0x0000000100000000)
  region size 1024K, 4 young (4096K), 4 survivors (4096K)
 Metaspace       used 54766K, committed 56640K, reserved 278528K
  class space    used 7945K, committed 8832K, reserved 212992K
}
Event: 13.604 GC heap before
{Heap before GC invocations=20 (full 0):
 garbage-first heap   total 84992K, used 76581K [0x00000000c0000000, 0x0000000100000000)
  region size 1024K, 28 young (28672K), 4 survivors (4096K)
 Metaspace       used 57245K, committed 59264K, reserved 278528K
  class space    used 8385K, committed 9408K, reserved 212992K
}
Event: 13.608 GC heap after
{Heap after GC invocations=21 (full 0):
 garbage-first heap   total 84992K, used 53415K [0x00000000c0000000, 0x0000000100000000)
  region size 1024K, 2 young (2048K), 2 survivors (2048K)
 Metaspace       used 57245K, committed 59264K, reserved 278528K
  class space    used 8385K, committed 9408K, reserved 212992K
}
Event: 14.027 GC heap before
{Heap before GC invocations=22 (full 0):
 garbage-first heap   total 91136K, used 84135K [0x00000000c0000000, 0x0000000100000000)
  region size 1024K, 26 young (26624K), 2 survivors (2048K)
 Metaspace       used 59333K, committed 61376K, reserved 278528K
  class space    used 8693K, committed 9728K, reserved 212992K
}
Event: 14.030 GC heap after
{Heap after GC invocations=23 (full 0):
 garbage-first heap   total 91136K, used 62631K [0x00000000c0000000, 0x0000000100000000)
  region size 1024K, 4 young (4096K), 4 survivors (4096K)
 Metaspace       used 59333K, committed 61376K, reserved 278528K
  class space    used 8693K, committed 9728K, reserved 212992K
}
Event: 14.339 GC heap before
{Heap before GC invocations=23 (full 0):
 garbage-first heap   total 91136K, used 84135K [0x00000000c0000000, 0x0000000100000000)
  region size 1024K, 25 young (25600K), 4 survivors (4096K)
 Metaspace       used 61749K, committed 63808K, reserved 278528K
  class space    used 9007K, committed 10048K, reserved 212992K
}
Event: 14.342 GC heap after
{Heap after GC invocations=24 (full 0):
 garbage-first heap   total 91136K, used 62026K [0x00000000c0000000, 0x0000000100000000)
  region size 1024K, 1 young (1024K), 1 survivors (1024K)
 Metaspace       used 61749K, committed 63808K, reserved 278528K
  class space    used 9007K, committed 10048K, reserved 212992K
}
Event: 14.767 GC heap before
{Heap before GC invocations=24 (full 0):
 garbage-first heap   total 91136K, used 85578K [0x00000000c0000000, 0x0000000100000000)
  region size 1024K, 24 young (24576K), 1 survivors (1024K)
 Metaspace       used 64424K, committed 66496K, reserved 278528K
  class space    used 9356K, committed 10368K, reserved 212992K
}
Event: 14.770 GC heap after
{Heap after GC invocations=25 (full 0):
 garbage-first heap   total 91136K, used 62956K [0x00000000c0000000, 0x0000000100000000)
  region size 1024K, 2 young (2048K), 2 survivors (2048K)
 Metaspace       used 64424K, committed 66496K, reserved 278528K
  class space    used 9356K, committed 10368K, reserved 212992K
}

Dll operation events (14 events):
Event: 0.009 Loaded shared library C:\Users\aliha\.vscode\extensions\redhat.java-1.54.0-win32-x64\jre\21.0.10-win32-x86_64\bin\java.dll
Event: 0.068 Loaded shared library C:\Users\aliha\.vscode\extensions\redhat.java-1.54.0-win32-x64\jre\21.0.10-win32-x86_64\bin\zip.dll
Event: 0.090 Loaded shared library C:\Users\aliha\.vscode\extensions\redhat.java-1.54.0-win32-x64\jre\21.0.10-win32-x86_64\bin\instrument.dll
Event: 0.094 Loaded shared library C:\Users\aliha\.vscode\extensions\redhat.java-1.54.0-win32-x64\jre\21.0.10-win32-x86_64\bin\net.dll
Event: 0.097 Loaded shared library C:\Users\aliha\.vscode\extensions\redhat.java-1.54.0-win32-x64\jre\21.0.10-win32-x86_64\bin\nio.dll
Event: 0.101 Loaded shared library C:\Users\aliha\.vscode\extensions\redhat.java-1.54.0-win32-x64\jre\21.0.10-win32-x86_64\bin\zip.dll
Event: 0.366 Loaded shared library C:\Users\aliha\.vscode\extensions\redhat.java-1.54.0-win32-x64\jre\21.0.10-win32-x86_64\bin\jimage.dll
Event: 0.533 Loaded shared library C:\Users\aliha\.vscode\extensions\redhat.java-1.54.0-win32-x64\jre\21.0.10-win32-x86_64\bin\verify.dll
Event: 0.638 Loaded shared library C:\Users\aliha\.gradle\native\1def1411415f61bf3af743bc5b6707747c0891f09f0c88961ee8f79bc544acac\windows-amd64\native-platform.dll
Event: 0.651 Loaded shared library C:\Users\aliha\.gradle\native\0.2.7\x86_64-windows-gnu\gradle-fileevents.dll
Event: 1.876 Loaded shared library C:\Users\aliha\.vscode\extensions\redhat.java-1.54.0-win32-x64\jre\21.0.10-win32-x86_64\bin\management.dll
Event: 1.879 Loaded shared library C:\Users\aliha\.vscode\extensions\redhat.java-1.54.0-win32-x64\jre\21.0.10-win32-x86_64\bin\management_ext.dll
Event: 2.041 Loaded shared library C:\Users\aliha\.vscode\extensions\redhat.java-1.54.0-win32-x64\jre\21.0.10-win32-x86_64\bin\extnet.dll
Event: 2.340 Loaded shared library C:\Users\aliha\.vscode\extensions\redhat.java-1.54.0-win32-x64\jre\21.0.10-win32-x86_64\bin\sunmscapi.dll

Deoptimization events (20 events):
Event: 14.669 Thread 0x0000023053cc1960 Uncommon trap: trap_request=0xffffff45 fr.pc=0x0000023035098a94 relative=0x0000000000000074
Event: 14.669 Thread 0x0000023053cc1960 Uncommon trap: reason=unstable_if action=reinterpret pc=0x0000023035098a94 method=jdk.internal.util.xml.impl.Parser.ensureCapacity(I)V @ 40 c2
Event: 14.669 Thread 0x0000023053cc1960 DEOPT PACKING pc=0x0000023035098a94 sp=0x0000005a1adf0f80
Event: 14.669 Thread 0x0000023053cc1960 DEOPT UNPACKING pc=0x0000023033d77ba2 sp=0x0000005a1adf0ef8 mode 2
Event: 14.727 Thread 0x0000023053cc1960 Uncommon trap: trap_request=0xffffff45 fr.pc=0x00000230344d39fc relative=0x00000000000000bc
Event: 14.727 Thread 0x0000023053cc1960 Uncommon trap: reason=unstable_if action=reinterpret pc=0x00000230344d39fc method=java.lang.invoke.LambdaForm$BasicType.basicType(C)Ljava/lang/invoke/LambdaForm$BasicType; @ 1 c2
Event: 14.727 Thread 0x0000023053cc1960 DEOPT PACKING pc=0x00000230344d39fc sp=0x0000005a1adf16e0
Event: 14.727 Thread 0x0000023053cc1960 DEOPT UNPACKING pc=0x0000023033d77ba2 sp=0x0000005a1adf1610 mode 2
Event: 14.738 Thread 0x0000023053cc1960 Uncommon trap: trap_request=0xffffffd6 fr.pc=0x00000230346dd1ec relative=0x00000000000003ac
Event: 14.738 Thread 0x0000023053cc1960 Uncommon trap: reason=array_check action=maybe_recompile pc=0x00000230346dd1ec method=java.util.LinkedHashMap.keysToArray([Ljava/lang/Object;Z)[Ljava/lang/Object; @ 67 c2
Event: 14.738 Thread 0x0000023053cc1960 DEOPT PACKING pc=0x00000230346dd1ec sp=0x0000005a1adf0670
Event: 14.738 Thread 0x0000023053cc1960 DEOPT UNPACKING pc=0x0000023033d77ba2 sp=0x0000005a1adf0610 mode 2
Event: 14.811 Thread 0x0000023053cc1960 Uncommon trap: trap_request=0xfffffff4 fr.pc=0x00000230347fdd78 relative=0x00000000000004d8
Event: 14.811 Thread 0x0000023053cc1960 Uncommon trap: reason=null_check action=make_not_entrant pc=0x00000230347fdd78 method=org.gradle.util.internal.SimpleMapInterner.intern(Ljava/lang/Object;)Ljava/lang/Object; @ 2 c2
Event: 14.811 Thread 0x0000023053cc1960 DEOPT PACKING pc=0x00000230347fdd78 sp=0x0000005a1adf2840
Event: 14.811 Thread 0x0000023053cc1960 DEOPT UNPACKING pc=0x0000023033d77ba2 sp=0x0000005a1adf27f8 mode 2
Event: 14.811 Thread 0x0000023053cc1960 Uncommon trap: trap_request=0xffffff45 fr.pc=0x00000230344e2ee0 relative=0x00000000000004e0
Event: 14.811 Thread 0x0000023053cc1960 Uncommon trap: reason=unstable_if action=reinterpret pc=0x00000230344e2ee0 method=org.gradle.util.internal.SimpleMapInterner.intern(Ljava/lang/String;)Ljava/lang/String; @ 1 c2
Event: 14.811 Thread 0x0000023053cc1960 DEOPT PACKING pc=0x00000230344e2ee0 sp=0x0000005a1adf27d0
Event: 14.811 Thread 0x0000023053cc1960 DEOPT UNPACKING pc=0x0000023033d77ba2 sp=0x0000005a1adf2788 mode 2

Classes loaded (20 events):
Event: 14.695 Loading class javax/management/NotificationFilter
Event: 14.695 Loading class javax/management/NotificationFilter done
Event: 14.695 Loading class javax/management/ListenerNotFoundException
Event: 14.695 Loading class javax/management/OperationsException
Event: 14.695 Loading class javax/management/JMException
Event: 14.695 Loading class javax/management/JMException done
Event: 14.695 Loading class javax/management/OperationsException done
Event: 14.695 Loading class javax/management/ListenerNotFoundException done
Event: 14.695 Loading class jdk/jfr/Recording
Event: 14.695 Loading class jdk/jfr/Recording done
Event: 14.695 Loading class jdk/jfr/FlightRecorder
Event: 14.695 Loading class jdk/jfr/FlightRecorder done
Event: 14.695 Loading class jdk/management/jfr/FlightRecorderMXBeanImpl$MXBeanListener
Event: 14.696 Loading class jdk/jfr/FlightRecorderListener
Event: 14.696 Loading class jdk/jfr/FlightRecorderListener done
Event: 14.696 Loading class jdk/management/jfr/FlightRecorderMXBeanImpl$MXBeanListener done
Event: 14.726 Loading class com/sun/jmx/mbeanserver/StandardMBeanSupport
Event: 14.726 Loading class com/sun/jmx/mbeanserver/StandardMBeanSupport done
Event: 14.726 Loading class com/sun/jmx/mbeanserver/StandardMBeanIntrospector
Event: 14.726 Loading class com/sun/jmx/mbeanserver/StandardMBeanIntrospector done

Classes unloaded (0 events):
No events

Classes redefined (0 events):
No events

Internal exceptions (20 events):
Event: 13.371 Thread 0x0000023053cc1960 Exception <a 'java/lang/NoSuchMethodError'{0x00000000c960d908}: 'java.lang.Object java.lang.invoke.DirectMethodHandle$Holder.invokeSpecial(java.lang.Object, java.lang.Object, java.lang.Object, java.lang.Object, java.lang.Object, java.lang.Object, java.lang.Object, java.lang.Object, java.lang.Object, java.lang.Object, java.lang.Object, java.lang.Object, java.lang.Object, java.lang.Object, java.lang.Object, java.lang.Object, java.lang.Object)'> (0x00000000c960d908) 
thrown [s\src\hotspot\share\interpreter\li
Event: 13.372 Thread 0x0000023053cc1960 Exception <a 'java/lang/NoSuchMethodError'{0x00000000c9613fa8}: 'java.lang.Object java.lang.invoke.DelegatingMethodHandle$Holder.reinvoke_L(java.lang.Object, java.lang.Object, java.lang.Object, java.lang.Object, java.lang.Object, java.lang.Object, java.lang.Object, java.lang.Object, java.lang.Object, java.lang.Object, java.lang.Object, java.lang.Object, java.lang.Object, java.lang.Object, java.lang.Object, java.lang.Object)'> (0x00000000c9613fa8) 
thrown [s\src\hotspot\share\interpreter\linkResolver.cpp, l
Event: 13.614 Thread 0x0000023053cc1960 Exception <a 'java/lang/NoSuchMethodError'{0x00000000cfbc20a0}: 'java.lang.Object java.lang.invoke.DirectMethodHandle$Holder.newInvokeSpecial(java.lang.Object, java.lang.Object, java.lang.Object, java.lang.Object, java.lang.Object, java.lang.Object, java.lang.Object, java.lang.Object, java.lang.Object, java.lang.Object, java.lang.Object, java.lang.Object, java.lang.Object, java.lang.Object, java.lang.Object, java.lang.Object, java.lang.Object, java.lang.Object, java.lang.Object, java.lang.Object, java.lang
Event: 14.457 Thread 0x0000023053cc1960 Exception <a 'java/lang/NoSuchMethodError'{0x00000000c9996a50}: static Lorg/jetbrains/kotlin/gradle/plugin/internal/DefaultConfigurationTimePropertiesAccessorVariantFactory;.<clinit>()V> (0x00000000c9996a50) 
thrown [s\src\hotspot\share\prims\jni.cpp, line 1111]
Event: 14.459 Thread 0x0000023053cc1960 Exception <a 'java/lang/NoSuchMethodError'{0x00000000c99bea88}: static Lorg/jetbrains/kotlin/gradle/plugin/internal/DefaultProjectIsolationStartParameterAccessor$Factory;.<clinit>()V> (0x00000000c99bea88) 
thrown [s\src\hotspot\share\prims\jni.cpp, line 1111]
Event: 14.461 Thread 0x0000023053cc1960 Exception <a 'java/lang/NoSuchMethodError'{0x00000000c99e7a80}: static Lorg/jetbrains/kotlin/gradle/plugin/internal/DefaultSourceSetCompatibilityHelperVariantFactory;.<clinit>()V> (0x00000000c99e7a80) 
thrown [s\src\hotspot\share\prims\jni.cpp, line 1111]
Event: 14.462 Thread 0x0000023053cc1960 Exception <a 'java/lang/NoSuchMethodError'{0x00000000c981bc40}: static Lorg/jetbrains/kotlin/gradle/plugin/internal/DefaultArtifactTypeAttributeAccessorVariantFactory;.<clinit>()V> (0x00000000c981bc40) 
thrown [s\src\hotspot\share\prims\jni.cpp, line 1111]
Event: 14.464 Thread 0x0000023053cc1960 Exception <a 'java/lang/NoSuchMethodError'{0x00000000c984fb88}: static Lorg/jetbrains/kotlin/gradle/plugin/internal/DefaultCompatibilityConventionRegistrar$Factory;.<clinit>()V> (0x00000000c984fb88) 
thrown [s\src\hotspot\share\prims\jni.cpp, line 1111]
Event: 14.467 Thread 0x0000023053cc1960 Exception <a 'java/lang/NoSuchMethodError'{0x00000000c9878be8}: static Lorg/jetbrains/kotlin/gradle/plugin/internal/DefaultJavaSourceSetsAccessorVariantFactory;.<clinit>()V> (0x00000000c9878be8) 
thrown [s\src\hotspot\share\prims\jni.cpp, line 1111]
Event: 14.469 Thread 0x0000023053cc1960 Exception <a 'java/lang/NoSuchMethodError'{0x00000000c98a0e30}: static Lorg/jetbrains/kotlin/gradle/plugin/internal/DefaultIdeaSyncDetectorVariantFactory;.<clinit>()V> (0x00000000c98a0e30) 
thrown [s\src\hotspot\share\prims\jni.cpp, line 1111]
Event: 14.471 Thread 0x0000023053cc1960 Exception <a 'java/lang/NoSuchMethodError'{0x00000000c98cd1b8}: static Lorg/jetbrains/kotlin/gradle/plugin/internal/DefaultKotlinTestReportCompatibilityHelperVariantFactory;.<clinit>()V> (0x00000000c98cd1b8) 
thrown [s\src\hotspot\share\prims\jni.cpp, line 1111]
Event: 14.472 Thread 0x0000023053cc1960 Exception <a 'java/lang/NoSuchMethodError'{0x00000000c98f6690}: static Lorg/jetbrains/kotlin/gradle/plugin/internal/DefaultMppTestReportHelperVariantFactory;.<clinit>()V> (0x00000000c98f6690) 
thrown [s\src\hotspot\share\prims\jni.cpp, line 1111]
Event: 14.474 Thread 0x0000023053cc1960 Exception <a 'java/lang/NoSuchMethodError'{0x00000000c971ec20}: static Lorg/jetbrains/kotlin/gradle/plugin/internal/DefaultConfigurationCacheStartParameterAccessorVariantFactory;.<clinit>()V> (0x00000000c971ec20) 
thrown [s\src\hotspot\share\prims\jni.cpp, line 1111]
Event: 14.476 Thread 0x0000023053cc1960 Exception <a 'java/lang/NoSuchMethodError'{0x00000000c9748218}: static Lorg/jetbrains/kotlin/gradle/plugin/internal/MavenPluginConfigurator$DefaultMavenPluginConfiguratorVariantFactory;.<clinit>()V> (0x00000000c9748218) 
thrown [s\src\hotspot\share\prims\jni.cpp, line 1111]
Event: 14.477 Thread 0x0000023053cc1960 Exception <a 'java/lang/NoSuchMethodError'{0x00000000c9770738}: static Lorg/jetbrains/kotlin/gradle/targets/js/nodejs/DefaultUnameExecutorVariantFactory;.<clinit>()V> (0x00000000c9770738) 
thrown [s\src\hotspot\share\prims\jni.cpp, line 1111]
Event: 14.479 Thread 0x0000023053cc1960 Exception <a 'java/lang/NoSuchMethodError'{0x00000000c97993d0}: static Lorg/jetbrains/kotlin/gradle/plugin/internal/DefaultBasePluginConfigurationVariantFactory;.<clinit>()V> (0x00000000c97993d0) 
thrown [s\src\hotspot\share\prims\jni.cpp, line 1111]
Event: 14.481 Thread 0x0000023053cc1960 Exception <a 'java/lang/NoSuchMethodError'{0x00000000c97c2410}: static Lorg/jetbrains/kotlin/gradle/plugin/internal/DefaultAttributeConfigurationHelperVariantFactory;.<clinit>()V> (0x00000000c97c2410) 
thrown [s\src\hotspot\share\prims\jni.cpp, line 1111]
Event: 14.542 Thread 0x0000023053cc1960 Exception <a 'java/lang/IncompatibleClassChangeError'{0x00000000c934cd90}: Found class java.lang.Object, but interface was expected> (0x00000000c934cd90) 
thrown [s\src\hotspot\share\interpreter\linkResolver.cpp, line 840]
Event: 14.811 Thread 0x0000023053cc1960 Implicit null exception at 0x00000230347fd8dd to 0x00000230347fdd68
Event: 14.811 Thread 0x0000023053cc1960 Implicit null exception at 0x00000230344e2a3f to 0x00000230344e2ecc

ZGC Phase Switch (0 events):
No events

VM Operations (20 events):
Event: 13.598 Executing safepoint VM operation: ICBufferFull done
Event: 13.604 Executing safepoint VM operation: G1CollectForAllocation (G1 Evacuation Pause)
Event: 13.608 Executing safepoint VM operation: G1CollectForAllocation (G1 Evacuation Pause) done
Event: 13.654 Executing safepoint VM operation: G1PauseRemark
Event: 13.657 Executing safepoint VM operation: G1PauseRemark done
Event: 13.676 Executing safepoint VM operation: G1PauseCleanup
Event: 13.676 Executing safepoint VM operation: G1PauseCleanup done
Event: 14.027 Executing safepoint VM operation: G1CollectForAllocation (G1 Evacuation Pause)
Event: 14.030 Executing safepoint VM operation: G1CollectForAllocation (G1 Evacuation Pause) done
Event: 14.339 Executing safepoint VM operation: G1CollectForAllocation (G1 Evacuation Pause)
Event: 14.342 Executing safepoint VM operation: G1CollectForAllocation (G1 Evacuation Pause) done
Event: 14.383 Executing non-safepoint VM operation: HandshakeAllThreads (Deoptimize)
Event: 14.383 Executing non-safepoint VM operation: HandshakeAllThreads (Deoptimize) done
Event: 14.763 Executing non-safepoint VM operation: HandshakeAllThreads (Deoptimize)
Event: 14.763 Executing non-safepoint VM operation: HandshakeAllThreads (Deoptimize) done
Event: 14.767 Executing safepoint VM operation: G1CollectForAllocation (G1 Evacuation Pause)
Event: 14.770 Executing safepoint VM operation: G1CollectForAllocation (G1 Evacuation Pause) done
Event: 14.772 Executing non-safepoint VM operation: HandshakeAllThreads (Deoptimize)
Event: 14.772 Executing non-safepoint VM operation: HandshakeAllThreads (Deoptimize) done
Event: 14.816 Executing safepoint VM operation: G1PauseRemark

Memory protections (0 events):
No events

Nmethod flushes (20 events):
Event: 14.819 Thread 0x000002303fdaa4d0 flushing  nmethod 0x0000023034c3a390
Event: 14.819 Thread 0x000002303fdaa4d0 flushing  nmethod 0x0000023034e14a90
Event: 14.819 Thread 0x000002303fdaa4d0 flushing  nmethod 0x0000023034e14f10
Event: 14.819 Thread 0x000002303fdaa4d0 flushing  nmethod 0x0000023034e32d90
Event: 14.819 Thread 0x000002303fdaa4d0 flushing  nmethod 0x000002303424af90
Event: 14.819 Thread 0x000002303fdaa4d0 flushing  nmethod 0x000002303431c810
Event: 14.819 Thread 0x000002303fdaa4d0 flushing  nmethod 0x0000023034548990
Event: 14.819 Thread 0x000002303fdaa4d0 flushing  nmethod 0x000002303456ad10
Event: 14.819 Thread 0x000002303fdaa4d0 flushing  nmethod 0x000002303464dd10
Event: 14.819 Thread 0x000002303fdaa4d0 flushing  nmethod 0x0000023034651610
Event: 14.819 Thread 0x000002303fdaa4d0 flushing  nmethod 0x000002303466ed10
Event: 14.819 Thread 0x000002303fdaa4d0 flushing  nmethod 0x0000023034672890
Event: 14.819 Thread 0x000002303fdaa4d0 flushing  nmethod 0x0000023034818e90
Event: 14.819 Thread 0x000002303fdaa4d0 flushing  nmethod 0x00000230348b3790
Event: 14.819 Thread 0x000002303fdaa4d0 flushing  nmethod 0x0000023034900090
Event: 14.819 Thread 0x000002303fdaa4d0 flushing  nmethod 0x0000023034a13c10
Event: 14.819 Thread 0x000002303fdaa4d0 flushing  nmethod 0x0000023034a56110
Event: 14.819 Thread 0x000002303fdaa4d0 flushing  nmethod 0x0000023034b87590
Event: 14.819 Thread 0x000002303fdaa4d0 flushing  nmethod 0x0000023034d99a90
Event: 14.819 Thread 0x000002303fdaa4d0 flushing  nmethod 0x0000023034ecfc90

Events (20 events):
Event: 6.491 Thread 0x0000023053cc1960 Thread added: 0x00000230575f3410
Event: 6.537 Thread 0x0000023053cc1960 Thread added: 0x00000230575eff90
Event: 6.788 Thread 0x0000023053cc1960 Thread added: 0x000002305682e420
Event: 6.835 Thread 0x0000023053cc1960 Thread added: 0x000002305682c9e0
Event: 6.929 Thread 0x0000023053cc1960 Thread added: 0x000002305682d070
Event: 8.124 Thread 0x0000023054156620 Thread exited: 0x0000023054156620
Event: 8.377 Thread 0x0000023053cc1960 Thread added: 0x000002305682dd90
Event: 8.438 Thread 0x0000023053cc1960 Thread added: 0x000002305682bcc0
Event: 8.622 Thread 0x0000023052026190 Thread added: 0x00000230541573c0
Event: 9.057 Thread 0x0000023053cc1960 Thread added: 0x000002305682f7d0
Event: 9.287 Thread 0x00000230541573c0 Thread exited: 0x00000230541573c0
Event: 10.624 Thread 0x0000023054158160 Thread exited: 0x0000023054158160
Event: 10.733 Thread 0x0000023052026190 Thread added: 0x00000230541573c0
Event: 11.177 Thread 0x00000230541573c0 Thread exited: 0x00000230541573c0
Event: 11.306 Thread 0x0000023053cc1960 Thread added: 0x0000023056830b80
Event: 11.397 Thread 0x0000023053cc1960 Thread added: 0x00000230568318a0
Event: 11.763 Thread 0x0000023053cc1960 Thread added: 0x00000230568325c0
Event: 12.091 Thread 0x0000023052026190 Thread added: 0x00000230541573c0
Event: 13.426 Thread 0x0000023053cc1960 Thread added: 0x0000023056831210
Event: 14.767 Thread 0x0000023053cc1960 Thread added: 0x0000023056832c50


Dynamic libraries:
0x00007ff784c50000 - 0x00007ff784c5e000 	C:\Users\aliha\.vscode\extensions\redhat.java-1.54.0-win32-x64\jre\21.0.10-win32-x86_64\bin\java.exe
0x00007ffbec2c0000 - 0x00007ffbec527000 	C:\WINDOWS\SYSTEM32\ntdll.dll
0x00007ffbeb3a0000 - 0x00007ffbeb469000 	C:\WINDOWS\System32\KERNEL32.DLL
0x00007ffbe8b90000 - 0x00007ffbe8f84000 	C:\WINDOWS\System32\KERNELBASE.dll
0x00007ffbe9af0000 - 0x00007ffbe9c3b000 	C:\WINDOWS\System32\ucrtbase.dll
0x00007ffbbe9c0000 - 0x00007ffbbe9d8000 	C:\Users\aliha\.vscode\extensions\redhat.java-1.54.0-win32-x64\jre\21.0.10-win32-x86_64\bin\jli.dll
0x00007ffbb35a0000 - 0x00007ffbb35be000 	C:\Users\aliha\.vscode\extensions\redhat.java-1.54.0-win32-x64\jre\21.0.10-win32-x86_64\bin\VCRUNTIME140.dll
0x00007ffbeb7f0000 - 0x00007ffbeb9b5000 	C:\WINDOWS\System32\USER32.dll
0x00007ffbe9ac0000 - 0x00007ffbe9ae7000 	C:\WINDOWS\System32\win32u.dll
0x00007ffbd7990000 - 0x00007ffbd7c23000 	C:\WINDOWS\WinSxS\amd64_microsoft.windows.common-controls_6595b64144ccf1df_6.0.26100.8115_none_3e075c82e3354f9c\COMCTL32.dll
0x00007ffbea730000 - 0x00007ffbea75b000 	C:\WINDOWS\System32\GDI32.dll
0x00007ffbea8c0000 - 0x00007ffbea969000 	C:\WINDOWS\System32\msvcrt.dll
0x00007ffbe9f20000 - 0x00007ffbea04b000 	C:\WINDOWS\System32\gdi32full.dll
0x00007ffbe9d00000 - 0x00007ffbe9da3000 	C:\WINDOWS\System32\msvcp_win.dll
0x00007ffbeb5d0000 - 0x00007ffbeb602000 	C:\WINDOWS\System32\IMM32.DLL
0x00007ffbc8e40000 - 0x00007ffbc8e4c000 	C:\Users\aliha\.vscode\extensions\redhat.java-1.54.0-win32-x64\jre\21.0.10-win32-x86_64\bin\vcruntime140_1.dll
0x00007ffb8e320000 - 0x00007ffb8e3ad000 	C:\Users\aliha\.vscode\extensions\redhat.java-1.54.0-win32-x64\jre\21.0.10-win32-x86_64\bin\msvcp140.dll
0x00007ffaf33d0000 - 0x00007ffaf4171000 	C:\Users\aliha\.vscode\extensions\redhat.java-1.54.0-win32-x64\jre\21.0.10-win32-x86_64\bin\server\jvm.dll
0x00007ffbea970000 - 0x00007ffbeaa26000 	C:\WINDOWS\System32\ADVAPI32.dll
0x00007ffbea780000 - 0x00007ffbea827000 	C:\WINDOWS\System32\sechost.dll
0x00007ffbebac0000 - 0x00007ffbebbd8000 	C:\WINDOWS\System32\RPCRT4.dll
0x00007ffbebc70000 - 0x00007ffbebcf0000 	C:\WINDOWS\System32\WS2_32.dll
0x00007ffbe8a10000 - 0x00007ffbe8a6e000 	C:\WINDOWS\SYSTEM32\POWRPROF.dll
0x00007ffbd7cb0000 - 0x00007ffbd7ce6000 	C:\WINDOWS\SYSTEM32\WINMM.dll
0x00007ffbdc860000 - 0x00007ffbdc86b000 	C:\WINDOWS\SYSTEM32\VERSION.dll
0x00007ffbe89f0000 - 0x00007ffbe8a04000 	C:\WINDOWS\SYSTEM32\UMPDC.dll
0x00007ffbe7920000 - 0x00007ffbe793b000 	C:\WINDOWS\SYSTEM32\kernel.appcore.dll
0x00007ffbc20b0000 - 0x00007ffbc20ba000 	C:\Users\aliha\.vscode\extensions\redhat.java-1.54.0-win32-x64\jre\21.0.10-win32-x86_64\bin\jimage.dll
0x00007ffbe6b40000 - 0x00007ffbe6d82000 	C:\WINDOWS\SYSTEM32\DBGHELP.DLL
0x00007ffbea1f0000 - 0x00007ffbea572000 	C:\WINDOWS\System32\combase.dll
0x00007ffbeab00000 - 0x00007ffbeabd8000 	C:\WINDOWS\System32\OLEAUT32.dll
0x00007ffbd5c90000 - 0x00007ffbd5ccb000 	C:\WINDOWS\SYSTEM32\dbgcore.DLL
0x00007ffbe91a0000 - 0x00007ffbe9245000 	C:\WINDOWS\System32\bcryptPrimitives.dll
0x00007ffbe0f10000 - 0x00007ffbe0f1f000 	C:\Users\aliha\.vscode\extensions\redhat.java-1.54.0-win32-x64\jre\21.0.10-win32-x86_64\bin\instrument.dll
0x00007ffbb3030000 - 0x00007ffbb3050000 	C:\Users\aliha\.vscode\extensions\redhat.java-1.54.0-win32-x64\jre\21.0.10-win32-x86_64\bin\java.dll
0x00007ffbeac30000 - 0x00007ffbeb397000 	C:\WINDOWS\System32\SHELL32.dll
0x00007ffbe9db0000 - 0x00007ffbe9f1a000 	C:\WINDOWS\System32\wintypes.dll
0x00007ffbe9250000 - 0x00007ffbe9ab8000 	C:\WINDOWS\System32\windows.storage.dll
0x00007ffbeb9c0000 - 0x00007ffbebab8000 	C:\WINDOWS\System32\SHCORE.dll
0x00007ffbec210000 - 0x00007ffbec276000 	C:\WINDOWS\System32\shlwapi.dll
0x00007ffbe8ab0000 - 0x00007ffbe8ad9000 	C:\WINDOWS\SYSTEM32\profapi.dll
0x00007ffbaafc0000 - 0x00007ffbaafd8000 	C:\Users\aliha\.vscode\extensions\redhat.java-1.54.0-win32-x64\jre\21.0.10-win32-x86_64\bin\zip.dll
0x00007ffbb6030000 - 0x00007ffbb6040000 	C:\Users\aliha\.vscode\extensions\redhat.java-1.54.0-win32-x64\jre\21.0.10-win32-x86_64\bin\net.dll
0x00007ffbdce00000 - 0x00007ffbdcf2d000 	C:\WINDOWS\SYSTEM32\WINHTTP.dll
0x00007ffbe7e90000 - 0x00007ffbe7efc000 	C:\WINDOWS\system32\mswsock.dll
0x00007ffba9130000 - 0x00007ffba9146000 	C:\Users\aliha\.vscode\extensions\redhat.java-1.54.0-win32-x64\jre\21.0.10-win32-x86_64\bin\nio.dll
0x00007ffbdba30000 - 0x00007ffbdba40000 	C:\Users\aliha\.vscode\extensions\redhat.java-1.54.0-win32-x64\jre\21.0.10-win32-x86_64\bin\verify.dll
0x00007ffbb6bf0000 - 0x00007ffbb6c17000 	C:\Users\aliha\.gradle\native\1def1411415f61bf3af743bc5b6707747c0891f09f0c88961ee8f79bc544acac\windows-amd64\native-platform.dll
0x00007ffb83cd0000 - 0x00007ffb83d48000 	C:\Users\aliha\.gradle\native\0.2.7\x86_64-windows-gnu\gradle-fileevents.dll
0x00007ffbc8fb0000 - 0x00007ffbc8fba000 	C:\Users\aliha\.vscode\extensions\redhat.java-1.54.0-win32-x64\jre\21.0.10-win32-x86_64\bin\management.dll
0x00007ffbc4b30000 - 0x00007ffbc4b3c000 	C:\Users\aliha\.vscode\extensions\redhat.java-1.54.0-win32-x64\jre\21.0.10-win32-x86_64\bin\management_ext.dll
0x00007ffbea720000 - 0x00007ffbea728000 	C:\WINDOWS\System32\PSAPI.DLL
0x00007ffbe7310000 - 0x00007ffbe7342000 	C:\WINDOWS\SYSTEM32\IPHLPAPI.DLL
0x00007ffbea1e0000 - 0x00007ffbea1ea000 	C:\WINDOWS\System32\NSI.dll
0x00007ffbc7150000 - 0x00007ffbc7159000 	C:\Users\aliha\.vscode\extensions\redhat.java-1.54.0-win32-x64\jre\21.0.10-win32-x86_64\bin\extnet.dll
0x00007ffbe8170000 - 0x00007ffbe818b000 	C:\WINDOWS\SYSTEM32\CRYPTSP.dll
0x00007ffbe7880000 - 0x00007ffbe78b9000 	C:\WINDOWS\system32\rsaenh.dll
0x00007ffbe7f40000 - 0x00007ffbe7f73000 	C:\WINDOWS\SYSTEM32\USERENV.dll
0x00007ffbe8a80000 - 0x00007ffbe8aaa000 	C:\WINDOWS\SYSTEM32\bcrypt.dll
0x00007ffbe8190000 - 0x00007ffbe819c000 	C:\WINDOWS\SYSTEM32\CRYPTBASE.dll
0x00007ffbdd620000 - 0x00007ffbdd62e000 	C:\Users\aliha\.vscode\extensions\redhat.java-1.54.0-win32-x64\jre\21.0.10-win32-x86_64\bin\sunmscapi.dll
0x00007ffbe9020000 - 0x00007ffbe9197000 	C:\WINDOWS\System32\CRYPT32.dll
0x00007ffbe8390000 - 0x00007ffbe83c0000 	C:\WINDOWS\SYSTEM32\ncrypt.dll
0x00007ffbe8340000 - 0x00007ffbe837f000 	C:\WINDOWS\SYSTEM32\NTASN1.dll
0x00007ffbc1aa0000 - 0x00007ffbc1aa8000 	C:\WINDOWS\system32\wshunix.dll

JVMTI agents:
C:\Users\aliha\.gradle\wrapper\dists\gradle-8.14-all\c2qonpi39x1mddn7hk5gh9iqj\gradle-8.14\lib\agents\gradle-instrumentation-agent-8.14.jar path:C:\Users\aliha\.vscode\extensions\redhat.java-1.54.0-win32-x64\jre\21.0.10-win32-x86_64\bin\instrument.dll, loaded, initialized, instrumentlib options:none

dbghelp: loaded successfully - version: 4.0.5 - missing functions: none
symbol engine: initialized successfully - sym options: 0x614 - pdb path: .;C:\Users\aliha\.vscode\extensions\redhat.java-1.54.0-win32-x64\jre\21.0.10-win32-x86_64\bin;C:\WINDOWS\SYSTEM32;C:\WINDOWS\WinSxS\amd64_microsoft.windows.common-controls_6595b64144ccf1df_6.0.26100.8115_none_3e075c82e3354f9c;C:\Users\aliha\.vscode\extensions\redhat.java-1.54.0-win32-x64\jre\21.0.10-win32-x86_64\bin\server;C:\Users\aliha\.gradle\native\1def1411415f61bf3af743bc5b6707747c0891f09f0c88961ee8f79bc544acac\windows-amd64;C:\Users\aliha\.gradle\native\0.2.7\x86_64-windows-gnu

VM Arguments:
jvm_args: --add-opens=java.base/java.lang=ALL-UNNAMED --add-opens=java.base/java.lang.invoke=ALL-UNNAMED --add-opens=java.base/java.util=ALL-UNNAMED --add-opens=java.prefs/java.util.prefs=ALL-UNNAMED --add-exports=jdk.compiler/com.sun.tools.javac.api=ALL-UNNAMED --add-exports=jdk.compiler/com.sun.tools.javac.util=ALL-UNNAMED --add-opens=java.base/java.util=ALL-UNNAMED --add-opens=java.prefs/java.util.prefs=ALL-UNNAMED --add-opens=java.base/java.nio.charset=ALL-UNNAMED --add-opens=java.base/java.net=ALL-UNNAMED --add-opens=java.base/java.util.concurrent.atomic=ALL-UNNAMED --add-opens=java.xml/javax.xml.namespace=ALL-UNNAMED -XX:MaxMetaspaceSize=256m -XX:ReservedCodeCacheSize=128m -Xmx1G -Dfile.encoding=UTF-8 -Duser.country=GB -Duser.language=en -Duser.variant -javaagent:C:\Users\aliha\.gradle\wrapper\dists\gradle-8.14-all\c2qonpi39x1mddn7hk5gh9iqj\gradle-8.14\lib\agents\gradle-instrumentation-agent-8.14.jar 
java_command: org.gradle.launcher.daemon.bootstrap.GradleDaemon 8.14
java_class_path (initial): C:\Users\aliha\.gradle\wrapper\dists\gradle-8.14-all\c2qonpi39x1mddn7hk5gh9iqj\gradle-8.14\lib\gradle-daemon-main-8.14.jar
Launcher Type: SUN_STANDARD

[Global flags]
     intx CICompilerCount                          = 4                                         {product} {ergonomic}
   size_t CompressedClassSpaceSize                 = 218103808                                 {product} {ergonomic}
     uint ConcGCThreads                            = 2                                         {product} {ergonomic}
     uint G1ConcRefinementThreads                  = 8                                         {product} {ergonomic}
   size_t G1HeapRegionSize                         = 1048576                                   {product} {ergonomic}
    uintx GCDrainStackTargetSize                   = 64                                        {product} {ergonomic}
   size_t InitialHeapSize                          = 264241152                                 {product} {ergonomic}
   size_t MarkStackSize                            = 4194304                                   {product} {ergonomic}
   size_t MaxHeapSize                              = 1073741824                                {product} {command line}
   size_t MaxMetaspaceSize                         = 268435456                                 {product} {command line}
   size_t MaxNewSize                               = 643825664                                 {product} {ergonomic}
   size_t MinHeapDeltaBytes                        = 1048576                                   {product} {ergonomic}
   size_t MinHeapSize                              = 8388608                                   {product} {ergonomic}
    uintx NonNMethodCodeHeapSize                   = 4096                                   {pd product} {ergonomic}
    uintx NonProfiledCodeHeapSize                  = 0                                      {pd product} {ergonomic}
    uintx ProfiledCodeHeapSize                     = 0                                      {pd product} {ergonomic}
    uintx ReservedCodeCacheSize                    = 134217728                              {pd product} {command line}
   size_t SoftMaxHeapSize                          = 1073741824                             {manageable} {ergonomic}
     bool UseCompressedOops                        = true                           {product lp64_product} {ergonomic}
     bool UseG1GC                                  = true                                      {product} {ergonomic}
     bool UseLargePagesIndividualAllocation        = false                                  {pd product} {ergonomic}

Logging:
Log output configuration:
 #0: stdout all=warning uptime,level,tags foldmultilines=false
 #1: stderr all=off uptime,level,tags foldmultilines=false

Release file:
JAVA_VERSION="21.0.10" 
MODULES="java.base java.compiler java.datatransfer java.xml java.prefs java.desktop java.instrument java.logging java.management java.security.sasl java.naming java.rmi java.management.rmi java.net.http java.scripting java.security.jgss java.transaction.xa java.sql java.sql.rowset java.xml.crypto java.se java.smartcardio jdk.accessibility jdk.internal.jvmstat jdk.attach jdk.charsets jdk.internal.opt jdk.zipfs jdk.compiler jdk.crypto.ec jdk.crypto.cryptoki jdk.crypto.mscapi jdk.dynalink jdk.internal.ed jdk.editpad jdk.hotspot.agent jdk.httpserver jdk.internal.le jdk.internal.vm.ci jdk.internal.vm.compiler jdk.internal.vm.compiler.management jdk.jartool jdk.javadoc jdk.jcmd jdk.management jdk.management.agent jdk.jconsole jdk.jdeps jdk.jdwp.agent jdk.jdi jdk.jfr jdk.jshell jdk.jsobject jdk.jstatd jdk.localedata jdk.management.jfr jdk.naming.dns jdk.naming.rmi jdk.net jdk.nio.mapmode jdk.random jdk.sctp jdk.security.auth jdk.security.jgss jdk.unsupported jdk.unsupported.desktop jdk.xml.dom" 

Environment Variables:
JAVA_HOME=C:\Program Files\Java\jdk-25
PATH=C:\Users\aliha\AppData\Local\Programs\Microsoft VS Code;C:\Program Files\Eclipse Adoptium\jdk-17.0.18.8-hotspot\bin;C:\Program Files\Common Files\Oracle\Java\javapath;C:\Program Files\Eclipse Foundation\jdk-8.0.302.8-hotspot\bin;C:\Program Files (x86)\VMware\VMware Workstation\bin\;C:\Python\Scripts\;C:\Python\;C:\WINDOWS\system32;C:\WINDOWS;C:\WINDOWS\System32\Wbem;C:\WINDOWS\System32\WindowsPowerShell\v1.0\;C:\WINDOWS\System32\OpenSSH\;C:\Program Files (x86)\Bitvise SSH Client;C:\Program Files\php-8.3.3;C:\flutter_windows_3.24.2-stable\flutter\bin;C:\ProgramData\chocolatey\bin;C:\Program Files\MySQL\MySQL Server 9.2\bin;C:\Program Files\Git\cmd;C:\Program Files\nodejs\;C:\Users\aliha\AppData\Roaming\npm;C:\Program Files\Eclipse Adoptium\jdk-17.0.18.8-hotspot\\bin;C:\ffmpeg\ffmpeg-2024-12-19-git-494c961379-essentials_build\bin;C:\user\aliha\AppData\local\Microsoft\WindowsApps;C:\msys64\ucrt64\bin;C:\Users\aliha\AppData\Local\Programs\Microsoft VS Code\bin;C:\Users\aliha\AppData\Local\Microsoft\WindowsApps
USERNAME=Syed M Ali Hassan
OS=Windows_NT
PROCESSOR_IDENTIFIER=Intel64 Family 6 Model 126 Stepping 5, GenuineIntel
TMP=C:\Users\aliha\AppData\Local\Temp
TEMP=C:\Users\aliha\AppData\Local\Temp




Periodic native trim disabled

---------------  S Y S T E M  ---------------

OS:
 Windows 11 , 64 bit Build 26100 (10.0.26100.8246)
OS uptime: 10 days 1:14 hours

CPU: total 8 (initial active 8) (4 cores per cpu, 2 threads per core) family 6 model 126 stepping 5 microcode 0x96, cx8, cmov, fxsr, ht, mmx, 3dnowpref, sse, sse2, sse3, ssse3, sse4.1, sse4.2, popcnt, lzcnt, tsc, tscinvbit, avx, avx2, aes, erms, clmul, bmi1, bmi2, adx, avx512f, avx512dq, avx512cd, avx512bw, avx512vl, sha, fma, vzeroupper, avx512_vpopcntdq, avx512_vpclmulqdq, avx512_vaes, avx512_vnni, clflush, clflushopt, avx512_vbmi2, avx512_vbmi, rdtscp, rdpid, fsrm, gfni, avx512_bitalg, f16c, pku, avx512_ifma
Processor Information for processor 0
  Max Mhz: 1498, Current Mhz: 1298, Mhz Limit: 1288
Processor Information for processor 1
  Max Mhz: 1498, Current Mhz: 1298, Mhz Limit: 1288
Processor Information for processor 2
  Max Mhz: 1498, Current Mhz: 998, Mhz Limit: 1288
Processor Information for processor 3
  Max Mhz: 1498, Current Mhz: 1298, Mhz Limit: 1288
Processor Information for processor 4
  Max Mhz: 1498, Current Mhz: 1298, Mhz Limit: 1288
Processor Information for processor 5
  Max Mhz: 1498, Current Mhz: 1298, Mhz Limit: 1288
Processor Information for processor 6
  Max Mhz: 1498, Current Mhz: 1298, Mhz Limit: 1288
Processor Information for processor 7
  Max Mhz: 1498, Current Mhz: 1298, Mhz Limit: 1288

Memory: 4k page, system-wide physical 16122M (1627M free)
TotalPageFile size 24650M (AvailPageFile size 11M)
current process WorkingSet (physical memory assigned to process): 304M, peak: 304M
current process commit charge ("private bytes"): 334M, peak: 443M

vm_info: OpenJDK 64-Bit Server VM (21.0.10+7-LTS) for windows-amd64 JRE (21.0.10+7-LTS), built on 2026-01-20T00:00:00Z by "admin" with MS VC++ 17.12 (VS2022)

END.
